<?xml version="1.0" encoding="UTF-8"?>
<testsuite xmlns:xsi="http://www.w3.org/2001/XMLSchema-instance" xsi:noNamespaceSchemaLocation="https://maven.apache.org/surefire/maven-surefire-plugin/xsd/surefire-test-report.xsd" name="app.GreetingControllerTests" time="2.198" tests="2" errors="0" skipped="0" failures="0">
  <properties>
[...]
</properties>
  <testcase name="noParamGreetingShouldReturnDefaultMessage" classname="app.GreetingControllerTests" time="0.291"/>
  <testcase name="paramGreetingShouldReturnTailoredMessage" classname="app.GreetingControllerTests" time="0.006"/>
</testsuite>